Traceback (most recent call last):
  File "/usr/share/miniconda/envs/open-machine-learning-jupyter-book/lib/python3.9/site-packages/jupyter_cache/executors/utils.py", line 51, in single_nb_execution
    executenb(
  File "/usr/share/miniconda/envs/open-machine-learning-jupyter-book/lib/python3.9/site-packages/nbclient/client.py", line 1204, in execute
    return NotebookClient(nb=nb, resources=resources, km=km, **kwargs).execute()
  File "/usr/share/miniconda/envs/open-machine-learning-jupyter-book/lib/python3.9/site-packages/nbclient/util.py", line 84, in wrapped
    return just_run(coro(*args, **kwargs))
  File "/usr/share/miniconda/envs/open-machine-learning-jupyter-book/lib/python3.9/site-packages/nbclient/util.py", line 62, in just_run
    return loop.run_until_complete(coro)
  File "/usr/share/miniconda/envs/open-machine-learning-jupyter-book/lib/python3.9/asyncio/base_events.py", line 647, in run_until_complete
    return future.result()
  File "/usr/share/miniconda/envs/open-machine-learning-jupyter-book/lib/python3.9/site-packages/nbclient/client.py", line 663, in async_execute
    await self.async_execute_cell(
  File "/usr/share/miniconda/envs/open-machine-learning-jupyter-book/lib/python3.9/site-packages/nbclient/client.py", line 965, in async_execute_cell
    await self._check_raise_for_error(cell, cell_index, exec_reply)
  File "/usr/share/miniconda/envs/open-machine-learning-jupyter-book/lib/python3.9/site-packages/nbclient/client.py", line 862, in _check_raise_for_error
    raise CellExecutionError.from_cell_and_msg(cell, exec_reply_content)
nbclient.exceptions.CellExecutionError: An error occurred while executing the following cell:
------------------
try:
    recipes = pd.read_json('recipeitems-latest.json')
except ValueError as e:
    print("ValueError:", e)
------------------

[0;31m---------------------------------------------------------------------------[0m
[0;31mFileNotFoundError[0m                         Traceback (most recent call last)
Cell [0;32mIn[275], line 2[0m
[1;32m      1[0m [38;5;28;01mtry[39;00m:
[0;32m----> 2[0m     recipes [38;5;241m=[39m [43mpd[49m[38;5;241;43m.[39;49m[43mread_json[49m[43m([49m[38;5;124;43m'[39;49m[38;5;124;43mrecipeitems-latest.json[39;49m[38;5;124;43m'[39;49m[43m)[49m
[1;32m      3[0m [38;5;28;01mexcept[39;00m [38;5;167;01mValueError[39;00m [38;5;28;01mas[39;00m e:
[1;32m      4[0m     [38;5;28mprint[39m([38;5;124m"[39m[38;5;124mValueError:[39m[38;5;124m"[39m, e)

File [0;32m/usr/share/miniconda/envs/open-machine-learning-jupyter-book/lib/python3.9/site-packages/pandas/util/_decorators.py:211[0m, in [0;36mdeprecate_kwarg.<locals>._deprecate_kwarg.<locals>.wrapper[0;34m(*args, **kwargs)[0m
[1;32m    209[0m     [38;5;28;01melse[39;00m:
[1;32m    210[0m         kwargs[new_arg_name] [38;5;241m=[39m new_arg_value
[0;32m--> 211[0m [38;5;28;01mreturn[39;00m [43mfunc[49m[43m([49m[38;5;241;43m*[39;49m[43margs[49m[43m,[49m[43m [49m[38;5;241;43m*[39;49m[38;5;241;43m*[39;49m[43mkwargs[49m[43m)[49m

File [0;32m/usr/share/miniconda/envs/open-machine-learning-jupyter-book/lib/python3.9/site-packages/pandas/util/_decorators.py:331[0m, in [0;36mdeprecate_nonkeyword_arguments.<locals>.decorate.<locals>.wrapper[0;34m(*args, **kwargs)[0m
[1;32m    325[0m [38;5;28;01mif[39;00m [38;5;28mlen[39m(args) [38;5;241m>[39m num_allow_args:
[1;32m    326[0m     warnings[38;5;241m.[39mwarn(
[1;32m    327[0m         msg[38;5;241m.[39mformat(arguments[38;5;241m=[39m_format_argument_list(allow_args)),
[1;32m    328[0m         [38;5;167;01mFutureWarning[39;00m,
[1;32m    329[0m         stacklevel[38;5;241m=[39mfind_stack_level(),
[1;32m    330[0m     )
[0;32m--> 331[0m [38;5;28;01mreturn[39;00m [43mfunc[49m[43m([49m[38;5;241;43m*[39;49m[43margs[49m[43m,[49m[43m [49m[38;5;241;43m*[39;49m[38;5;241;43m*[39;49m[43mkwargs[49m[43m)[49m

File [0;32m/usr/share/miniconda/envs/open-machine-learning-jupyter-book/lib/python3.9/site-packages/pandas/io/json/_json.py:733[0m, in [0;36mread_json[0;34m(path_or_buf, orient, typ, dtype, convert_axes, convert_dates, keep_default_dates, numpy, precise_float, date_unit, encoding, encoding_errors, lines, chunksize, compression, nrows, storage_options)[0m
[1;32m    730[0m [38;5;28;01mif[39;00m convert_axes [38;5;129;01mis[39;00m [38;5;28;01mNone[39;00m [38;5;129;01mand[39;00m orient [38;5;241m!=[39m [38;5;124m"[39m[38;5;124mtable[39m[38;5;124m"[39m:
[1;32m    731[0m     convert_axes [38;5;241m=[39m [38;5;28;01mTrue[39;00m
[0;32m--> 733[0m json_reader [38;5;241m=[39m [43mJsonReader[49m[43m([49m
[1;32m    734[0m [43m    [49m[43mpath_or_buf[49m[43m,[49m
[1;32m    735[0m [43m    [49m[43morient[49m[38;5;241;43m=[39;49m[43morient[49m[43m,[49m
[1;32m    736[0m [43m    [49m[43mtyp[49m[38;5;241;43m=[39;49m[43mtyp[49m[43m,[49m
[1;32m    737[0m [43m    [49m[43mdtype[49m[38;5;241;43m=[39;49m[43mdtype[49m[43m,[49m
[1;32m    738[0m [43m    [49m[43mconvert_axes[49m[38;5;241;43m=[39;49m[43mconvert_axes[49m[43m,[49m
[1;32m    739[0m [43m    [49m[43mconvert_dates[49m[38;5;241;43m=[39;49m[43mconvert_dates[49m[43m,[49m
[1;32m    740[0m [43m    [49m[43mkeep_default_dates[49m[38;5;241;43m=[39;49m[43mkeep_default_dates[49m[43m,[49m
[1;32m    741[0m [43m    [49m[43mnumpy[49m[38;5;241;43m=[39;49m[43mnumpy[49m[43m,[49m
[1;32m    742[0m [43m    [49m[43mprecise_float[49m[38;5;241;43m=[39;49m[43mprecise_float[49m[43m,[49m
[1;32m    743[0m [43m    [49m[43mdate_unit[49m[38;5;241;43m=[39;49m[43mdate_unit[49m[43m,[49m
[1;32m    744[0m [43m    [49m[43mencoding[49m[38;5;241;43m=[39;49m[43mencoding[49m[43m,[49m
[1;32m    745[0m [43m    [49m[43mlines[49m[38;5;241;43m=[39;49m[43mlines[49m[43m,[49m
[1;32m    746[0m [43m    [49m[43mchunksize[49m[38;5;241;43m=[39;49m[43mchunksize[49m[43m,[49m
[1;32m    747[0m [43m    [49m[43mcompression[49m[38;5;241;43m=[39;49m[43mcompression[49m[43m,[49m
[1;32m    748[0m [43m    [49m[43mnrows[49m[38;5;241;43m=[39;49m[43mnrows[49m[43m,[49m
[1;32m    749[0m [43m    [49m[43mstorage_options[49m[38;5;241;43m=[39;49m[43mstorage_options[49m[43m,[49m
[1;32m    750[0m [43m    [49m[43mencoding_errors[49m[38;5;241;43m=[39;49m[43mencoding_errors[49m[43m,[49m
[1;32m    751[0m [43m[49m[43m)[49m
[1;32m    753[0m [38;5;28;01mif[39;00m chunksize:
[1;32m    754[0m     [38;5;28;01mreturn[39;00m json_reader

File [0;32m/usr/share/miniconda/envs/open-machine-learning-jupyter-book/lib/python3.9/site-packages/pandas/io/json/_json.py:818[0m, in [0;36mJsonReader.__init__[0;34m(self, filepath_or_buffer, orient, typ, dtype, convert_axes, convert_dates, keep_default_dates, numpy, precise_float, date_unit, encoding, lines, chunksize, compression, nrows, storage_options, encoding_errors)[0m
[1;32m    815[0m     [38;5;28;01mif[39;00m [38;5;129;01mnot[39;00m [38;5;28mself[39m[38;5;241m.[39mlines:
[1;32m    816[0m         [38;5;28;01mraise[39;00m [38;5;167;01mValueError[39;00m([38;5;124m"[39m[38;5;124mnrows can only be passed if lines=True[39m[38;5;124m"[39m)
[0;32m--> 818[0m data [38;5;241m=[39m [38;5;28;43mself[39;49m[38;5;241;43m.[39;49m[43m_get_data_from_filepath[49m[43m([49m[43mfilepath_or_buffer[49m[43m)[49m
[1;32m    819[0m [38;5;28mself[39m[38;5;241m.[39mdata [38;5;241m=[39m [38;5;28mself[39m[38;5;241m.[39m_preprocess_data(data)

File [0;32m/usr/share/miniconda/envs/open-machine-learning-jupyter-book/lib/python3.9/site-packages/pandas/io/json/_json.py:874[0m, in [0;36mJsonReader._get_data_from_filepath[0;34m(self, filepath_or_buffer)[0m
[1;32m    866[0m     filepath_or_buffer [38;5;241m=[39m [38;5;28mself[39m[38;5;241m.[39mhandles[38;5;241m.[39mhandle
[1;32m    867[0m [38;5;28;01melif[39;00m (
[1;32m    868[0m     [38;5;28misinstance[39m(filepath_or_buffer, [38;5;28mstr[39m)
[1;32m    869[0m     [38;5;129;01mand[39;00m filepath_or_buffer[38;5;241m.[39mlower()[38;5;241m.[39mendswith(
[0;32m   (...)[0m
[1;32m    872[0m     [38;5;129;01mand[39;00m [38;5;129;01mnot[39;00m file_exists(filepath_or_buffer)
[1;32m    873[0m ):
[0;32m--> 874[0m     [38;5;28;01mraise[39;00m [38;5;167;01mFileNotFoundError[39;00m([38;5;124mf[39m[38;5;124m"[39m[38;5;124mFile [39m[38;5;132;01m{[39;00mfilepath_or_buffer[38;5;132;01m}[39;00m[38;5;124m does not exist[39m[38;5;124m"[39m)
[1;32m    876[0m [38;5;28;01mreturn[39;00m filepath_or_buffer

[0;31mFileNotFoundError[0m: File recipeitems-latest.json does not exist
FileNotFoundError: File recipeitems-latest.json does not exist

